2025-07-05 23:14:11,023 - SLAM-Demo - INFO - main:527 - Generating world...
2025-07-05 23:14:11,024 - SLAM-Demo - INFO - main:538 - Generated trajectory: (1, 50, 3), landmarks: (5, 2)
2025-07-05 23:14:11,024 - SLAM-Demo - INFO - make_measurements:275 - Generating measurements with ultra-conservative parameters...
2025-07-05 23:14:11,024 - SLAM-Demo - INFO - make_measurements:276 - Noise: σ_r=0.010 m, σ_b=0.1°, max_range=8.0 m, p_obs=0.9
2025-07-05 23:14:11,025 - SLAM-Demo - INFO - make_measurements:326 - Generated 71 measurements from 250 possible (28.4% detection rate)
2025-07-05 23:14:11,025 - SLAM-Demo - INFO - validate_data_integrity:176 - Validating data integrity...
2025-07-05 23:14:11,025 - SLAM-Demo - INFO - validate_data_integrity:226 - Measurement statistics:
2025-07-05 23:14:11,025 - SLAM-Demo - INFO - validate_data_integrity:227 -   Bearings: min=-2.807, max=3.045, mean=0.358, std=1.859
2025-07-05 23:14:11,025 - SLAM-Demo - INFO - validate_data_integrity:230 -   Ranges: min=1.303, max=7.945, mean=5.056, std=1.896
2025-07-05 23:14:11,025 - SLAM-Demo - INFO - validate_data_integrity:246 - ✓ Data integrity validation passed
2025-07-05 23:14:11,025 - SLAM-Demo - INFO - main:586 - Using FIXED-module compatible configuration: {'ut_mode': 'gbp', 'ut_alpha': 0.01, 'ut_beta': 2.0, 'ut_kappa': 0.0, 'odom_sigma_xy': 0.01, 'odom_sigma_theta': 0.002, 'obs_sigma_bearing': np.float64(0.0017453292519943296), 'obs_sigma_range': 0.01, 'enable_true_vectorization': True, 'enable_batch_processing': True, 'enable_cache_coordination': True, 'enable_factor_reordering': True, 'cache_warmup': True, 'enable_adaptive_noise': False, 'enable_strict_validation': True, 'enable_performance_monitoring': True}
2025-07-05 23:14:11,028 - GBPBuilder - INFO - _flatten_yaml:65 - YAML config override: regularization = 1e-12 (was 1e-12)
2025-07-05 23:14:11,028 - GBPBuilder - INFO - _flatten_yaml:65 - YAML config override: max_condition_number = 1.0e8 (was 1.0e8)
2025-07-05 23:14:11,028 - GBPBuilder - INFO - _validate_config:744 - Enhanced configuration validation passed
2025-07-05 23:14:11,028 - algorithm.frontend.factor_ut - INFO - configure_numerical_parameters:2243 - Set numerical parameter regularization = 1e-12
2025-07-05 23:14:11,028 - algorithm.frontend.factor_ut - INFO - configure_numerical_parameters:2243 - Set numerical parameter max_condition_number = 100000000.0
2025-07-05 23:14:11,028 - algorithm.frontend.factor_ut - INFO - configure_numerical_parameters:2243 - Set numerical parameter min_eigenvalue = 1e-12
2025-07-05 23:14:11,028 - algorithm.frontend.factor_ut - INFO - configure_numerical_parameters:2243 - Set numerical parameter jacobian_clip_threshold = 1000000.0
2025-07-05 23:14:11,029 - algorithm.frontend.factor_ut - INFO - configure_numerical_parameters:2243 - Set numerical parameter small_angle_threshold = 0.001
2025-07-05 23:14:11,029 - GBPBuilder - INFO - _configure_numerical_parameters:626 - Configured numerical parameters: {'regularization': 1e-12, 'max_condition_number': 100000000.0, 'min_eigenvalue': 1e-12, 'jacobian_clip_threshold': 1000000.0, 'small_angle_threshold': 0.001}
2025-07-05 23:14:11,029 - SLAM-Demo - INFO - main:593 - Builder initialization diagnostics: {'build_stats': {'build_time': 0.0, 'total_factors': 0, 'vectorization_speedup': 1.0, 'batch_processing_efficiency': 1.0, 'cache_hit_rate': 0.0}, 'factor_breakdown': {'prior_factors': 0, 'odometry_factors': 0, 'observation_factors': 0, 'inter_robot_factors': 0, 'loop_closure_factors': 0}, 'cache_performance': {'global_cache': {'hits': 0, 'misses': 0, 'size': 0, 'hit_rate': 0.0}, 'factor_caches': {'energy_cache': {'hits': 0, 'misses': 0, 'size': 0, 'hit_rate': 0.0}, 'spbp_cache': {'hits': 0, 'misses': 0, 'size': 0, 'hit_rate': 0.0}, 'jacobian_cache': {'hits': 0, 'misses': 0, 'size': 0, 'hit_rate': 0.0}}}, 'memory_usage': {'local_cache_size': {'noise_matrices': 0, 'sigma_arrays': 0}}, 'configuration': {'vectorization_enabled': True, 'batch_processing_enabled': True, 'cache_coordination_enabled': True, 'ut_mode': 'gbp', 'inter_robot_obs_mode': 'auto'}}
2025-07-05 23:14:11,029 - GBPBuilder - INFO - build:254 - Building enhanced GBP factor graph...
2025-07-05 23:14:11,029 - GBPBuilder - INFO - _validate_measurements_consistency:835 - Validation: 1 robots, 5 landmarks observed, 0 invalid measurements
2025-07-05 23:14:11,029 - GBPBuilder - INFO - build:270 - Input: 1 robots, 5 landmarks, 71 measurements
2025-07-05 23:14:11,033 - GBPBuilder - INFO - _add_robot_trajectories:420 - Added 1 robot trajectories
2025-07-05 23:14:11,034 - GBPBuilder - INFO - _add_observation_factors:511 - Processing 71 measurements...
2025-07-05 23:14:11,039 - GBPBuilder - INFO - _add_observation_factors:519 - Added 34 observation factors
2025-07-05 23:14:11,039 - GBPBuilder - INFO - _add_landmark_anchors:1226 - Added landmark anchors: l_2, l_3
2025-07-05 23:14:11,040 - algorithm.frontend.factor_ut - ERROR - validate_linearization_result:600 - Invalid information matrix for x0_0: information_matrix_x0_0: Not positive definite (min eigenvalue: -4.252488498719587e-12)
2025-07-05 23:14:11,040 - algorithm.frontend.factor_ut - WARNING - linearize:1058 - Validation failed for gbp, falling back to GBP
2025-07-05 23:14:11,041 - GBPBuilder - INFO - _log_build_summary:969 - === Enhanced GBP Graph Build Summary ===
2025-07-05 23:14:11,041 - GBPBuilder - INFO - _log_build_summary:970 - Build time: 0.012 seconds
2025-07-05 23:14:11,041 - GBPBuilder - INFO - _log_build_summary:972 - Variables: 55 total
2025-07-05 23:14:11,041 - GBPBuilder - INFO - _log_build_summary:973 -   - Robot poses: 50
2025-07-05 23:14:11,041 - GBPBuilder - INFO - _log_build_summary:974 -   - Landmarks: 5
2025-07-05 23:14:11,041 - GBPBuilder - INFO - _log_build_summary:976 - Factors: 86 total
2025-07-05 23:14:11,041 - GBPBuilder - INFO - _log_build_summary:977 -   - Prior: 3
2025-07-05 23:14:11,041 - GBPBuilder - INFO - _log_build_summary:978 -   - Odometry: 49
2025-07-05 23:14:11,041 - GBPBuilder - INFO - _log_build_summary:979 -   - Observations: 34
2025-07-05 23:14:11,042 - GBPBuilder - INFO - _log_build_summary:980 -   - Inter-robot: 0
2025-07-05 23:14:11,042 - GBPBuilder - INFO - _log_build_summary:981 -   - Loop closures: 0
2025-07-05 23:14:11,042 - GBPBuilder - INFO - _log_build_summary:983 - Performance metrics:
2025-07-05 23:14:11,042 - GBPBuilder - INFO - _log_build_summary:984 -   - Cache hit rate: 0.0%
2025-07-05 23:14:11,042 - GBPBuilder - INFO - _log_build_summary:985 -   - Vectorization speedup: 1.1x
2025-07-05 23:14:11,042 - GBPBuilder - INFO - _log_build_summary:986 -   - Batch processing efficiency: 1.4x
2025-07-05 23:14:11,042 - GBPBuilder - INFO - _log_build_summary:988 - Connectivity: 55 connected, 0 disconnected
2025-07-05 23:14:11,042 - SLAM-Demo - INFO - main:600 - Performing enhanced factor health check...
2025-07-05 23:14:11,042 - SLAM-Demo - INFO - main:614 - Factor condition numbers: min=2.50e+01, max=2.50e+01
2025-07-05 23:14:11,043 - SLAM-Demo - INFO - main:619 - Built graph: 55 variables, 86 factors
2025-07-05 23:14:11,043 - SLAM-Demo - INFO - prepare_priors:334 - Preparing priors for 55 variables...
2025-07-05 23:14:11,043 - SLAM-Demo - INFO - prepare_priors:353 - Prepared priors: 50 poses, 5 landmarks
2025-07-05 23:14:11,043 - SLAM-Demo - INFO - main:641 - Using ultra-conservative GBP parameters: {'bel_damp': 0.9, 'msg_damp': 0.8}
2025-07-05 23:14:11,049 - SLAM-Demo - INFO - main:648 - Starting GBP optimization with max_iter=50, tol=1e-3...
2025-07-05 23:14:11,049 - GaBP - INFO - run:458 - Starting GBP with 55 variables, 86 factors
2025-07-05 23:14:11,062 - algorithm.frontend.factor_ut - ERROR - validate_linearization_result:600 - Invalid information matrix for x0_23: information_matrix_x0_23: Matrix is not symmetric
2025-07-05 23:14:11,062 - algorithm.frontend.factor_ut - WARNING - linearize:857 - Odometry linearization validation failed for x0_23->x0_24
2025-07-05 23:14:11,077 - algorithm.frontend.factor_ut - ERROR - validate_linearization_result:600 - Invalid information matrix for x0_8: information_matrix_x0_8: Matrix is not symmetric
2025-07-05 23:14:11,078 - algorithm.frontend.factor_ut - WARNING - linearize:857 - Odometry linearization validation failed for x0_8->x0_9
2025-07-05 23:14:11,079 - algorithm.frontend.factor_ut - WARNING - validate_matrix_properties:223 - information_matrix_x0_0: High condition number 1.20e+17
2025-07-05 23:14:11,080 - algorithm.frontend.factor_ut - ERROR - validate_linearization_result:600 - Invalid information matrix for x0_0: information_matrix_x0_0: Not positive definite (min eigenvalue: -9.715297339296804e-12)
2025-07-05 23:14:11,080 - algorithm.frontend.factor_ut - WARNING - linearize:1058 - Validation failed for gbp, falling back to GBP
2025-07-05 23:14:11,081 - algorithm.frontend.factor_ut - ERROR - validate_linearization_result:600 - Invalid information matrix for x0_10: information_matrix_x0_10: Not positive definite (min eigenvalue: -5.203458248391647e-12)
2025-07-05 23:14:11,081 - algorithm.frontend.factor_ut - WARNING - linearize:1058 - Validation failed for gbp, falling back to GBP
2025-07-05 23:14:11,083 - algorithm.frontend.factor_ut - WARNING - validate_matrix_properties:223 - information_matrix_x0_11: High condition number 2.29e+16
2025-07-05 23:14:11,084 - algorithm.frontend.factor_ut - ERROR - validate_linearization_result:600 - Invalid information matrix for x0_12: information_matrix_x0_12: Not positive definite (min eigenvalue: -3.0855919059132216e-12)
2025-07-05 23:14:11,085 - algorithm.frontend.factor_ut - WARNING - linearize:1058 - Validation failed for gbp, falling back to GBP
2025-07-05 23:14:11,087 - algorithm.frontend.factor_ut - WARNING - validate_matrix_properties:223 - information_matrix_x0_13: High condition number 1.25e+16
2025-07-05 23:14:11,088 - algorithm.frontend.factor_ut - ERROR - validate_linearization_result:600 - Invalid information matrix for x0_14: information_matrix_x0_14: Not positive definite (min eigenvalue: -8.274676241407951e-12)
2025-07-05 23:14:11,088 - algorithm.frontend.factor_ut - WARNING - linearize:1058 - Validation failed for gbp, falling back to GBP
2025-07-05 23:14:11,089 - algorithm.frontend.factor_ut - WARNING - validate_matrix_properties:223 - information_matrix_x0_15: High condition number 3.88e+16
2025-07-05 23:14:11,090 - algorithm.frontend.factor_ut - WARNING - validate_matrix_properties:223 - information_matrix_x0_16: High condition number 1.30e+17
2025-07-05 23:14:11,092 - algorithm.frontend.factor_ut - ERROR - validate_linearization_result:600 - Invalid information matrix for x0_28: information_matrix_x0_28: Not positive definite (min eigenvalue: -8.166835583790625e-12)
2025-07-05 23:14:11,092 - algorithm.frontend.factor_ut - WARNING - linearize:1058 - Validation failed for gbp, falling back to GBP
2025-07-05 23:14:11,092 - algorithm.frontend.factor_ut - ERROR - validate_linearization_result:600 - Invalid information matrix for x0_28: information_matrix_x0_28: Not positive definite (min eigenvalue: -4.904663488664675e-12)
2025-07-05 23:14:11,092 - algorithm.frontend.factor_ut - WARNING - linearize:1058 - Validation failed for gbp, falling back to GBP
2025-07-05 23:14:11,093 - algorithm.frontend.factor_ut - WARNING - validate_matrix_properties:223 - information_matrix_x0_29: High condition number 4.98e+16
2025-07-05 23:14:11,094 - algorithm.frontend.factor_ut - WARNING - validate_matrix_properties:223 - information_matrix_x0_29: High condition number 2.58e+16
2025-07-05 23:14:11,094 - algorithm.frontend.factor_ut - WARNING - validate_matrix_properties:223 - information_matrix_x0_2: High condition number 2.00e+17
2025-07-05 23:14:11,095 - algorithm.frontend.factor_ut - WARNING - validate_matrix_properties:223 - information_matrix_x0_30: High condition number 3.98e+16
2025-07-05 23:14:11,096 - algorithm.frontend.factor_ut - ERROR - validate_linearization_result:600 - Invalid information matrix for x0_30: information_matrix_x0_30: Not positive definite (min eigenvalue: -6.938487410235723e-12)
2025-07-05 23:14:11,096 - algorithm.frontend.factor_ut - WARNING - linearize:1058 - Validation failed for gbp, falling back to GBP
2025-07-05 23:14:11,097 - algorithm.frontend.factor_ut - ERROR - validate_linearization_result:600 - Invalid information matrix for x0_31: information_matrix_x0_31: Not positive definite (min eigenvalue: -1.458914864616156e-11)
2025-07-05 23:14:11,097 - algorithm.frontend.factor_ut - WARNING - linearize:1058 - Validation failed for gbp, falling back to GBP
2025-07-05 23:14:11,097 - algorithm.frontend.factor_ut - WARNING - validate_matrix_properties:223 - information_matrix_x0_31: High condition number 3.90e+16
2025-07-05 23:14:11,098 - algorithm.frontend.factor_ut - WARNING - validate_matrix_properties:223 - information_matrix_x0_32: High condition number 8.91e+16
2025-07-05 23:14:11,099 - algorithm.frontend.factor_ut - ERROR - validate_linearization_result:600 - Invalid information matrix for x0_33: information_matrix_x0_33: Not positive definite (min eigenvalue: -5.308089139558972e-12)
2025-07-05 23:14:11,099 - algorithm.frontend.factor_ut - WARNING - linearize:1058 - Validation failed for gbp, falling back to GBP
2025-07-05 23:14:11,100 - algorithm.frontend.factor_ut - ERROR - validate_linearization_result:600 - Invalid information matrix for x0_3: information_matrix_x0_3: Not positive definite (min eigenvalue: -9.06226653504946e-12)
2025-07-05 23:14:11,100 - algorithm.frontend.factor_ut - WARNING - linearize:1058 - Validation failed for gbp, falling back to GBP
2025-07-05 23:14:11,100 - algorithm.frontend.factor_ut - ERROR - validate_linearization_result:600 - Invalid information matrix for x0_41: information_matrix_x0_41: Not positive definite (min eigenvalue: -6.684521762640128e-12)
2025-07-05 23:14:11,100 - algorithm.frontend.factor_ut - WARNING - linearize:1058 - Validation failed for gbp, falling back to GBP
2025-07-05 23:14:11,101 - algorithm.frontend.factor_ut - WARNING - validate_matrix_properties:223 - information_matrix_x0_42: High condition number 7.14e+17
2025-07-05 23:14:11,102 - algorithm.frontend.factor_ut - ERROR - validate_linearization_result:600 - Invalid information matrix for x0_43: information_matrix_x0_43: Not positive definite (min eigenvalue: -3.070125872729713e-12)
2025-07-05 23:14:11,102 - algorithm.frontend.factor_ut - WARNING - linearize:1058 - Validation failed for gbp, falling back to GBP
2025-07-05 23:14:11,103 - algorithm.frontend.factor_ut - ERROR - validate_linearization_result:600 - Invalid information matrix for x0_44: information_matrix_x0_44: Not positive definite (min eigenvalue: -1.1077087772927252e-11)
2025-07-05 23:14:11,103 - algorithm.frontend.factor_ut - WARNING - linearize:1058 - Validation failed for gbp, falling back to GBP
2025-07-05 23:14:11,103 - algorithm.frontend.factor_ut - WARNING - validate_matrix_properties:223 - information_matrix_x0_4: High condition number 1.09e+17
2025-07-05 23:14:11,104 - algorithm.frontend.factor_ut - WARNING - validate_matrix_properties:223 - information_matrix_x0_4: High condition number 1.92e+17
2025-07-05 23:14:11,105 - algorithm.frontend.factor_ut - ERROR - validate_linearization_result:600 - Invalid information matrix for x0_5: information_matrix_x0_5: Not positive definite (min eigenvalue: -1.6505322480951453e-11)
2025-07-05 23:14:11,105 - algorithm.frontend.factor_ut - WARNING - linearize:1058 - Validation failed for gbp, falling back to GBP
2025-07-05 23:14:11,106 - algorithm.frontend.factor_ut - ERROR - validate_linearization_result:600 - Invalid information matrix for x0_5: information_matrix_x0_5: Not positive definite (min eigenvalue: -2.721825312256068e-12)
2025-07-05 23:14:11,106 - algorithm.frontend.factor_ut - WARNING - linearize:1058 - Validation failed for gbp, falling back to GBP
2025-07-05 23:14:11,107 - algorithm.frontend.factor_ut - WARNING - validate_matrix_properties:223 - information_matrix_x0_6: High condition number 2.50e+16
2025-07-05 23:14:11,108 - algorithm.frontend.factor_ut - ERROR - validate_linearization_result:600 - Invalid information matrix for x0_6: information_matrix_x0_6: Not positive definite (min eigenvalue: -3.074590904717332e-12)
2025-07-05 23:14:11,108 - algorithm.frontend.factor_ut - WARNING - linearize:1058 - Validation failed for gbp, falling back to GBP
2025-07-05 23:14:11,109 - algorithm.frontend.factor_ut - WARNING - validate_matrix_properties:223 - information_matrix_x0_7: High condition number 3.94e+16
2025-07-05 23:14:11,110 - algorithm.frontend.factor_ut - WARNING - validate_matrix_properties:223 - information_matrix_x0_8: High condition number 7.45e+16
2025-07-05 23:14:11,111 - algorithm.frontend.factor_ut - ERROR - validate_linearization_result:600 - Invalid information matrix for x0_9: information_matrix_x0_9: Not positive definite (min eigenvalue: -6.358011761887398e-12)
2025-07-05 23:14:11,111 - algorithm.frontend.factor_ut - WARNING - linearize:1058 - Validation failed for gbp, falling back to GBP
2025-07-05 23:14:11,117 - GaBP - INFO - run:464 - Iter   0 | max Δ = 3.14e+05
2025-07-05 23:14:11,124 - algorithm.frontend.factor_ut - WARNING - validate_matrix_properties:223 - information_matrix_x0_10: High condition number 3.98e+16
2025-07-05 23:14:11,124 - algorithm.frontend.factor_ut - WARNING - validate_linearization_result:577 - Large values in cross-term ('x0_10', 'x0_11'): 2.98e+08
2025-07-05 23:14:11,124 - algorithm.frontend.factor_ut - WARNING - validate_linearization_result:577 - Large values in cross-term ('x0_11', 'x0_10'): 2.98e+08
2025-07-05 23:14:11,125 - algorithm.frontend.factor_ut - ERROR - validate_linearization_result:600 - Invalid information matrix for x0_11: information_matrix_x0_11: Matrix is not symmetric
2025-07-05 23:14:11,125 - algorithm.frontend.factor_ut - WARNING - linearize:857 - Odometry linearization validation failed for x0_11->x0_12
2025-07-05 23:14:11,125 - algorithm.frontend.factor_ut - WARNING - validate_matrix_properties:223 - information_matrix_x0_12: High condition number 4.22e+14
2025-07-05 23:14:11,126 - algorithm.frontend.factor_ut - WARNING - validate_linearization_result:577 - Large values in cross-term ('x0_12', 'x0_13'): 8.25e+07
2025-07-05 23:14:11,126 - algorithm.frontend.factor_ut - WARNING - validate_linearization_result:577 - Large values in cross-term ('x0_13', 'x0_12'): 8.25e+07
2025-07-05 23:14:11,126 - algorithm.frontend.factor_ut - WARNING - validate_matrix_properties:223 - information_matrix_x0_13: High condition number 1.36e+17
2025-07-05 23:14:11,126 - algorithm.frontend.factor_ut - WARNING - validate_linearization_result:577 - Large values in cross-term ('x0_13', 'x0_14'): 3.04e+08
2025-07-05 23:14:11,126 - algorithm.frontend.factor_ut - WARNING - validate_linearization_result:577 - Large values in cross-term ('x0_14', 'x0_13'): 3.04e+08
2025-07-05 23:14:11,127 - algorithm.frontend.factor_ut - WARNING - validate_matrix_properties:223 - information_matrix_x0_14: High condition number 2.83e+19
2025-07-05 23:14:11,127 - algorithm.frontend.factor_ut - WARNING - validate_linearization_result:577 - Large values in cross-term ('x0_14', 'x0_15'): 1.25e+09
2025-07-05 23:14:11,127 - algorithm.frontend.factor_ut - WARNING - validate_linearization_result:577 - Large values in cross-term ('x0_15', 'x0_14'): 1.25e+09
2025-07-05 23:14:11,128 - algorithm.frontend.factor_ut - WARNING - validate_matrix_properties:223 - information_matrix_x0_15: High condition number 1.22e+18
2025-07-05 23:14:11,128 - algorithm.frontend.factor_ut - WARNING - validate_linearization_result:577 - Large values in cross-term ('x0_15', 'x0_16'): 7.42e+08
2025-07-05 23:14:11,128 - algorithm.frontend.factor_ut - WARNING - validate_linearization_result:577 - Large values in cross-term ('x0_16', 'x0_15'): 7.42e+08
2025-07-05 23:14:11,128 - algorithm.frontend.factor_ut - WARNING - validate_matrix_properties:223 - information_matrix_x0_16: High condition number 9.22e+17
2025-07-05 23:14:11,129 - algorithm.frontend.factor_ut - WARNING - validate_linearization_result:577 - Large values in cross-term ('x0_16', 'x0_17'): 5.98e+08
2025-07-05 23:14:11,129 - algorithm.frontend.factor_ut - WARNING - validate_linearization_result:577 - Large values in cross-term ('x0_17', 'x0_16'): 5.98e+08
2025-07-05 23:14:11,131 - algorithm.frontend.factor_ut - WARNING - validate_matrix_properties:223 - information_matrix_x0_1: High condition number 3.74e+19
2025-07-05 23:14:11,131 - algorithm.frontend.factor_ut - WARNING - validate_linearization_result:577 - Large values in cross-term ('x0_1', 'x0_2'): 1.48e+09
2025-07-05 23:14:11,131 - algorithm.frontend.factor_ut - WARNING - validate_linearization_result:577 - Large values in cross-term ('x0_2', 'x0_1'): 1.48e+09
2025-07-05 23:14:11,133 - algorithm.frontend.factor_ut - ERROR - validate_linearization_result:600 - Invalid information matrix for x0_22: information_matrix_x0_22: Matrix is not symmetric
2025-07-05 23:14:11,133 - algorithm.frontend.factor_ut - WARNING - linearize:857 - Odometry linearization validation failed for x0_22->x0_23
2025-07-05 23:14:11,133 - algorithm.frontend.factor_ut - ERROR - validate_linearization_result:600 - Invalid information matrix for x0_23: information_matrix_x0_23: Matrix is not symmetric
2025-07-05 23:14:11,133 - algorithm.frontend.factor_ut - WARNING - linearize:857 - Odometry linearization validation failed for x0_23->x0_24
2025-07-05 23:14:11,135 - algorithm.frontend.factor_ut - WARNING - validate_matrix_properties:223 - information_matrix_x0_27: High condition number 6.98e+19
2025-07-05 23:14:11,135 - algorithm.frontend.factor_ut - WARNING - validate_linearization_result:577 - Large values in cross-term ('x0_27', 'x0_28'): 1.91e+09
2025-07-05 23:14:11,135 - algorithm.frontend.factor_ut - WARNING - validate_linearization_result:577 - Large values in cross-term ('x0_28', 'x0_27'): 1.91e+09
2025-07-05 23:14:11,136 - algorithm.frontend.factor_ut - WARNING - validate_matrix_properties:223 - information_matrix_x0_28: High condition number 2.07e+20
2025-07-05 23:14:11,136 - algorithm.frontend.factor_ut - WARNING - validate_linearization_result:577 - Large values in cross-term ('x0_28', 'x0_29'): 1.80e+09
2025-07-05 23:14:11,136 - algorithm.frontend.factor_ut - WARNING - validate_linearization_result:577 - Large values in cross-term ('x0_29', 'x0_28'): 1.80e+09
2025-07-05 23:14:11,137 - algorithm.frontend.factor_ut - ERROR - validate_linearization_result:600 - Invalid information matrix for x0_29: information_matrix_x0_29: Matrix is not symmetric
2025-07-05 23:14:11,137 - algorithm.frontend.factor_ut - WARNING - linearize:857 - Odometry linearization validation failed for x0_29->x0_30
2025-07-05 23:14:11,137 - algorithm.frontend.factor_ut - WARNING - validate_matrix_properties:223 - information_matrix_x0_2: High condition number 1.33e+19
2025-07-05 23:14:11,138 - algorithm.frontend.factor_ut - WARNING - validate_linearization_result:577 - Large values in cross-term ('x0_2', 'x0_3'): 1.21e+09
2025-07-05 23:14:11,138 - algorithm.frontend.factor_ut - WARNING - validate_linearization_result:577 - Large values in cross-term ('x0_3', 'x0_2'): 1.21e+09
2025-07-05 23:14:11,138 - algorithm.frontend.factor_ut - WARNING - validate_matrix_properties:223 - information_matrix_x0_30: High condition number 4.15e+13
2025-07-05 23:14:11,138 - algorithm.frontend.factor_ut - WARNING - validate_linearization_result:577 - Large values in cross-term ('x0_30', 'x0_31'): 5.46e+07
2025-07-05 23:14:11,138 - algorithm.frontend.factor_ut - WARNING - validate_linearization_result:577 - Large values in cross-term ('x0_31', 'x0_30'): 5.46e+07
2025-07-05 23:14:11,139 - algorithm.frontend.factor_ut - WARNING - validate_matrix_properties:223 - information_matrix_x0_31: High condition number 6.78e+15
2025-07-05 23:14:11,139 - algorithm.frontend.factor_ut - WARNING - validate_linearization_result:577 - Large values in cross-term ('x0_31', 'x0_32'): 1.80e+08
2025-07-05 23:14:11,139 - algorithm.frontend.factor_ut - WARNING - validate_linearization_result:577 - Large values in cross-term ('x0_32', 'x0_31'): 1.80e+08
2025-07-05 23:14:11,140 - algorithm.frontend.factor_ut - WARNING - validate_matrix_properties:223 - information_matrix_x0_32: High condition number 2.84e+15
2025-07-05 23:14:11,140 - algorithm.frontend.factor_ut - WARNING - validate_linearization_result:577 - Large values in cross-term ('x0_32', 'x0_33'): 1.63e+08
2025-07-05 23:14:11,140 - algorithm.frontend.factor_ut - WARNING - validate_linearization_result:577 - Large values in cross-term ('x0_33', 'x0_32'): 1.63e+08
2025-07-05 23:14:11,140 - algorithm.frontend.factor_ut - WARNING - validate_matrix_properties:223 - information_matrix_x0_33: High condition number 1.54e+11
2025-07-05 23:14:11,141 - algorithm.frontend.factor_ut - WARNING - validate_linearization_result:577 - Large values in cross-term ('x0_33', 'x0_34'): 1.39e+07
2025-07-05 23:14:11,141 - algorithm.frontend.factor_ut - WARNING - validate_linearization_result:577 - Large values in cross-term ('x0_34', 'x0_33'): 1.39e+07
2025-07-05 23:14:11,144 - algorithm.frontend.factor_ut - WARNING - validate_matrix_properties:223 - information_matrix_x0_3: High condition number 1.46e+18
2025-07-05 23:14:11,144 - algorithm.frontend.factor_ut - WARNING - validate_linearization_result:577 - Large values in cross-term ('x0_3', 'x0_4'): 7.72e+08
2025-07-05 23:14:11,144 - algorithm.frontend.factor_ut - WARNING - validate_linearization_result:577 - Large values in cross-term ('x0_4', 'x0_3'): 7.72e+08
2025-07-05 23:14:11,145 - algorithm.frontend.factor_ut - WARNING - validate_matrix_properties:223 - information_matrix_x0_40: High condition number 1.79e+19
2025-07-05 23:14:11,145 - algorithm.frontend.factor_ut - WARNING - validate_linearization_result:577 - Large values in cross-term ('x0_40', 'x0_41'): 1.44e+09
2025-07-05 23:14:11,145 - algorithm.frontend.factor_ut - WARNING - validate_linearization_result:577 - Large values in cross-term ('x0_41', 'x0_40'): 1.44e+09
2025-07-05 23:14:11,145 - algorithm.frontend.factor_ut - WARNING - validate_matrix_properties:223 - information_matrix_x0_41: High condition number 3.39e+19
2025-07-05 23:14:11,146 - algorithm.frontend.factor_ut - WARNING - validate_linearization_result:577 - Large values in cross-term ('x0_41', 'x0_42'): 1.69e+09
2025-07-05 23:14:11,146 - algorithm.frontend.factor_ut - WARNING - validate_linearization_result:577 - Large values in cross-term ('x0_42', 'x0_41'): 1.69e+09
2025-07-05 23:14:11,146 - algorithm.frontend.factor_ut - WARNING - validate_matrix_properties:223 - information_matrix_x0_42: High condition number 5.53e+17
2025-07-05 23:14:11,146 - algorithm.frontend.factor_ut - WARNING - validate_linearization_result:577 - Large values in cross-term ('x0_42', 'x0_43'): 5.95e+08
2025-07-05 23:14:11,146 - algorithm.frontend.factor_ut - WARNING - validate_linearization_result:577 - Large values in cross-term ('x0_43', 'x0_42'): 5.95e+08
2025-07-05 23:14:11,147 - algorithm.frontend.factor_ut - WARNING - validate_matrix_properties:223 - information_matrix_x0_43: High condition number 9.60e+16
2025-07-05 23:14:11,148 - algorithm.frontend.factor_ut - WARNING - validate_linearization_result:577 - Large values in cross-term ('x0_43', 'x0_44'): 3.66e+08
2025-07-05 23:14:11,148 - algorithm.frontend.factor_ut - WARNING - validate_linearization_result:577 - Large values in cross-term ('x0_44', 'x0_43'): 3.66e+08
2025-07-05 23:14:11,148 - algorithm.frontend.factor_ut - WARNING - validate_matrix_properties:223 - information_matrix_x0_44: High condition number 1.17e+18
2025-07-05 23:14:11,149 - algorithm.frontend.factor_ut - WARNING - validate_linearization_result:577 - Large values in cross-term ('x0_44', 'x0_45'): 5.50e+08
2025-07-05 23:14:11,149 - algorithm.frontend.factor_ut - WARNING - validate_linearization_result:577 - Large values in cross-term ('x0_45', 'x0_44'): 5.50e+08
2025-07-05 23:14:11,151 - algorithm.frontend.factor_ut - WARNING - validate_matrix_properties:223 - information_matrix_x0_4: High condition number 1.35e+15
2025-07-05 23:14:11,152 - algorithm.frontend.factor_ut - WARNING - validate_linearization_result:577 - Large values in cross-term ('x0_4', 'x0_5'): 1.30e+08
2025-07-05 23:14:11,152 - algorithm.frontend.factor_ut - WARNING - validate_linearization_result:577 - Large values in cross-term ('x0_5', 'x0_4'): 1.30e+08
2025-07-05 23:14:11,152 - algorithm.frontend.factor_ut - WARNING - validate_matrix_properties:223 - information_matrix_x0_5: High condition number 3.93e+13
2025-07-05 23:14:11,152 - algorithm.frontend.factor_ut - WARNING - validate_linearization_result:577 - Large values in cross-term ('x0_5', 'x0_6'): 5.04e+07
2025-07-05 23:14:11,153 - algorithm.frontend.factor_ut - WARNING - validate_linearization_result:577 - Large values in cross-term ('x0_6', 'x0_5'): 5.04e+07
2025-07-05 23:14:11,153 - algorithm.frontend.factor_ut - WARNING - validate_matrix_properties:223 - information_matrix_x0_6: High condition number 2.40e+18
2025-07-05 23:14:11,154 - algorithm.frontend.factor_ut - WARNING - validate_linearization_result:577 - Large values in cross-term ('x0_6', 'x0_7'): 6.32e+08
2025-07-05 23:14:11,154 - algorithm.frontend.factor_ut - WARNING - validate_linearization_result:577 - Large values in cross-term ('x0_7', 'x0_6'): 6.32e+08
2025-07-05 23:14:11,154 - algorithm.frontend.factor_ut - ERROR - validate_linearization_result:600 - Invalid information matrix for x0_7: information_matrix_x0_7: Matrix is not symmetric
2025-07-05 23:14:11,154 - algorithm.frontend.factor_ut - WARNING - linearize:857 - Odometry linearization validation failed for x0_7->x0_8
2025-07-05 23:14:11,155 - algorithm.frontend.factor_ut - WARNING - validate_matrix_properties:223 - information_matrix_x0_8: High condition number 2.05e+20
2025-07-05 23:14:11,155 - algorithm.frontend.factor_ut - WARNING - validate_linearization_result:577 - Large values in cross-term ('x0_8', 'x0_9'): 2.10e+09
2025-07-05 23:14:11,155 - algorithm.frontend.factor_ut - WARNING - validate_linearization_result:577 - Large values in cross-term ('x0_9', 'x0_8'): 2.10e+09
2025-07-05 23:14:11,156 - algorithm.frontend.factor_ut - WARNING - validate_matrix_properties:223 - information_matrix_x0_9: High condition number 1.42e+17
2025-07-05 23:14:11,156 - algorithm.frontend.factor_ut - WARNING - validate_linearization_result:577 - Large values in cross-term ('x0_9', 'x0_10'): 3.34e+08
2025-07-05 23:14:11,156 - algorithm.frontend.factor_ut - WARNING - validate_linearization_result:577 - Large values in cross-term ('x0_10', 'x0_9'): 3.34e+08
2025-07-05 23:14:11,156 - algorithm.frontend.factor_ut - ERROR - validate_linearization_result:600 - Invalid information matrix for x0_0: information_matrix_x0_0: Not positive definite (min eigenvalue: -1.8189894035458565e-12)
2025-07-05 23:14:11,157 - algorithm.frontend.factor_ut - WARNING - linearize:1058 - Validation failed for gbp, falling back to GBP
2025-07-05 23:14:11,157 - algorithm.frontend.factor_ut - WARNING - validate_matrix_properties:223 - information_matrix_x0_0: High condition number 1.80e+17
2025-07-05 23:14:11,157 - algorithm.frontend.factor_ut - WARNING - validate_matrix_properties:223 - information_matrix_l_4: High condition number 2.72e+08
2025-07-05 23:14:11,158 - algorithm.frontend.factor_ut - WARNING - validate_matrix_properties:223 - information_matrix_x0_10: High condition number 1.80e+17
2025-07-05 23:14:11,158 - algorithm.frontend.factor_ut - WARNING - validate_matrix_properties:223 - information_matrix_l_3: High condition number 1.58e+08
2025-07-05 23:14:11,159 - algorithm.frontend.factor_ut - ERROR - validate_linearization_result:600 - Invalid information matrix for x0_11: information_matrix_x0_11: Not positive definite (min eigenvalue: 0.0)
2025-07-05 23:14:11,159 - algorithm.frontend.factor_ut - WARNING - linearize:1058 - Validation failed for gbp, falling back to GBP
2025-07-05 23:14:11,159 - algorithm.frontend.factor_ut - ERROR - validate_linearization_result:600 - Invalid information matrix for x0_12: information_matrix_x0_12: Not positive definite (min eigenvalue: 0.0)
2025-07-05 23:14:11,160 - algorithm.frontend.factor_ut - WARNING - linearize:1058 - Validation failed for gbp, falling back to GBP
2025-07-05 23:14:11,160 - algorithm.frontend.factor_ut - WARNING - validate_matrix_properties:223 - information_matrix_x0_13: High condition number 1.80e+17
2025-07-05 23:14:11,160 - algorithm.frontend.factor_ut - WARNING - validate_matrix_properties:223 - information_matrix_l_3: High condition number 1.14e+08
2025-07-05 23:14:11,161 - algorithm.frontend.factor_ut - WARNING - validate_matrix_properties:223 - information_matrix_x0_14: High condition number 1.93e+18
2025-07-05 23:14:11,162 - algorithm.frontend.factor_ut - ERROR - validate_linearization_result:600 - Invalid information matrix for x0_15: information_matrix_x0_15: Not positive definite (min eigenvalue: -2.8421709430404007e-13)
2025-07-05 23:14:11,162 - algorithm.frontend.factor_ut - WARNING - linearize:1058 - Validation failed for gbp, falling back to GBP
2025-07-05 23:14:11,162 - algorithm.frontend.factor_ut - WARNING - validate_matrix_properties:223 - information_matrix_x0_16: High condition number 3.61e+17
2025-07-05 23:14:11,163 - algorithm.frontend.factor_ut - WARNING - validate_matrix_properties:223 - information_matrix_l_0: High condition number 2.00e+08
2025-07-05 23:14:11,163 - algorithm.frontend.factor_ut - ERROR - validate_linearization_result:600 - Invalid information matrix for x0_28: information_matrix_x0_28: Not positive definite (min eigenvalue: 0.0)
2025-07-05 23:14:11,163 - algorithm.frontend.factor_ut - WARNING - linearize:1058 - Validation failed for gbp, falling back to GBP
2025-07-05 23:14:11,164 - algorithm.frontend.factor_ut - WARNING - validate_matrix_properties:223 - information_matrix_x0_28: High condition number 2.89e+17
2025-07-05 23:14:11,164 - algorithm.frontend.factor_ut - WARNING - validate_matrix_properties:223 - information_matrix_l_2: High condition number 1.36e+09
2025-07-05 23:14:11,165 - algorithm.frontend.factor_ut - WARNING - validate_matrix_properties:223 - information_matrix_x0_29: High condition number 1.80e+17
2025-07-05 23:14:11,165 - algorithm.frontend.factor_ut - WARNING - validate_matrix_properties:223 - information_matrix_x0_29: High condition number 3.61e+17
2025-07-05 23:14:11,165 - algorithm.frontend.factor_ut - WARNING - validate_matrix_properties:223 - information_matrix_l_2: High condition number 2.83e+08
2025-07-05 23:14:11,166 - algorithm.frontend.factor_ut - WARNING - validate_matrix_properties:223 - information_matrix_x0_2: High condition number 7.22e+17
2025-07-05 23:14:11,166 - algorithm.frontend.factor_ut - WARNING - validate_matrix_properties:223 - information_matrix_l_1: High condition number 1.06e+09
2025-07-05 23:14:11,167 - algorithm.frontend.factor_ut - ERROR - validate_linearization_result:600 - Invalid information matrix for x0_30: information_matrix_x0_30: Not positive definite (min eigenvalue: 0.0)
2025-07-05 23:14:11,167 - algorithm.frontend.factor_ut - WARNING - linearize:1058 - Validation failed for gbp, falling back to GBP
2025-07-05 23:14:11,168 - algorithm.frontend.factor_ut - ERROR - validate_linearization_result:600 - Invalid information matrix for x0_30: information_matrix_x0_30: Not positive definite (min eigenvalue: 0.0)
2025-07-05 23:14:11,168 - algorithm.frontend.factor_ut - WARNING - linearize:1058 - Validation failed for gbp, falling back to GBP
2025-07-05 23:14:11,169 - algorithm.frontend.factor_ut - ERROR - validate_linearization_result:600 - Invalid information matrix for x0_31: information_matrix_x0_31: Not positive definite (min eigenvalue: 0.0)
2025-07-05 23:14:11,169 - algorithm.frontend.factor_ut - WARNING - linearize:1058 - Validation failed for gbp, falling back to GBP
2025-07-05 23:14:11,170 - algorithm.frontend.factor_ut - WARNING - validate_matrix_properties:223 - information_matrix_x0_31: High condition number 1.80e+17
2025-07-05 23:14:11,170 - algorithm.frontend.factor_ut - WARNING - validate_matrix_properties:223 - information_matrix_l_4: High condition number 2.62e+08
2025-07-05 23:14:11,170 - algorithm.frontend.factor_ut - ERROR - validate_linearization_result:600 - Invalid information matrix for x0_32: information_matrix_x0_32: Not positive definite (min eigenvalue: 0.0)
2025-07-05 23:14:11,171 - algorithm.frontend.factor_ut - WARNING - linearize:1058 - Validation failed for gbp, falling back to GBP
2025-07-05 23:14:11,171 - algorithm.frontend.factor_ut - ERROR - validate_linearization_result:600 - Invalid information matrix for x0_33: information_matrix_x0_33: Not positive definite (min eigenvalue: 0.0)
2025-07-05 23:14:11,171 - algorithm.frontend.factor_ut - WARNING - linearize:1058 - Validation failed for gbp, falling back to GBP
2025-07-05 23:14:11,172 - algorithm.frontend.factor_ut - WARNING - validate_matrix_properties:223 - information_matrix_x0_3: High condition number 1.93e+18
2025-07-05 23:14:11,172 - algorithm.frontend.factor_ut - WARNING - validate_matrix_properties:223 - information_matrix_l_1: High condition number 1.08e+08
2025-07-05 23:14:11,173 - algorithm.frontend.factor_ut - WARNING - validate_matrix_properties:223 - information_matrix_x0_41: High condition number 3.61e+17
2025-07-05 23:14:11,174 - algorithm.frontend.factor_ut - WARNING - validate_matrix_properties:223 - information_matrix_l_4: High condition number 1.57e+09
2025-07-05 23:14:11,174 - algorithm.frontend.factor_ut - WARNING - validate_matrix_properties:223 - information_matrix_x0_42: High condition number 1.80e+17
2025-07-05 23:14:11,174 - algorithm.frontend.factor_ut - WARNING - validate_matrix_properties:223 - information_matrix_l_4: High condition number 1.95e+08
2025-07-05 23:14:11,175 - algorithm.frontend.factor_ut - ERROR - validate_linearization_result:600 - Invalid information matrix for x0_43: information_matrix_x0_43: Not positive definite (min eigenvalue: 0.0)
2025-07-05 23:14:11,175 - algorithm.frontend.factor_ut - WARNING - linearize:1058 - Validation failed for gbp, falling back to GBP
2025-07-05 23:14:11,176 - algorithm.frontend.factor_ut - ERROR - validate_linearization_result:600 - Invalid information matrix for x0_44: information_matrix_x0_44: Not positive definite (min eigenvalue: 0.0)
2025-07-05 23:14:11,176 - algorithm.frontend.factor_ut - WARNING - linearize:1058 - Validation failed for gbp, falling back to GBP
2025-07-05 23:14:11,177 - algorithm.frontend.factor_ut - ERROR - validate_linearization_result:600 - Invalid information matrix for x0_4: information_matrix_x0_4: Not positive definite (min eigenvalue: -9.094947017729282e-13)
2025-07-05 23:14:11,177 - algorithm.frontend.factor_ut - WARNING - linearize:1058 - Validation failed for gbp, falling back to GBP
2025-07-05 23:14:11,177 - algorithm.frontend.factor_ut - ERROR - validate_linearization_result:600 - Invalid information matrix for x0_4: information_matrix_x0_4: Not positive definite (min eigenvalue: 0.0)
2025-07-05 23:14:11,177 - algorithm.frontend.factor_ut - WARNING - linearize:1058 - Validation failed for gbp, falling back to GBP
2025-07-05 23:14:11,178 - algorithm.frontend.factor_ut - ERROR - validate_linearization_result:600 - Invalid information matrix for x0_5: information_matrix_x0_5: Not positive definite (min eigenvalue: 0.0)
2025-07-05 23:14:11,178 - algorithm.frontend.factor_ut - WARNING - linearize:1058 - Validation failed for gbp, falling back to GBP
2025-07-05 23:14:11,179 - algorithm.frontend.factor_ut - ERROR - validate_linearization_result:600 - Invalid information matrix for x0_5: information_matrix_x0_5: Not positive definite (min eigenvalue: 0.0)
2025-07-05 23:14:11,179 - algorithm.frontend.factor_ut - WARNING - linearize:1058 - Validation failed for gbp, falling back to GBP
2025-07-05 23:14:11,180 - algorithm.frontend.factor_ut - ERROR - validate_linearization_result:600 - Invalid information matrix for x0_6: information_matrix_x0_6: Not positive definite (min eigenvalue: 0.0)
2025-07-05 23:14:11,180 - algorithm.frontend.factor_ut - WARNING - linearize:1058 - Validation failed for gbp, falling back to GBP
2025-07-05 23:14:11,180 - algorithm.frontend.factor_ut - ERROR - validate_linearization_result:600 - Invalid information matrix for x0_6: information_matrix_x0_6: Not positive definite (min eigenvalue: 0.0)
2025-07-05 23:14:11,180 - algorithm.frontend.factor_ut - WARNING - linearize:1058 - Validation failed for gbp, falling back to GBP
2025-07-05 23:14:11,181 - algorithm.frontend.factor_ut - WARNING - validate_matrix_properties:223 - information_matrix_x0_7: High condition number 3.61e+17
2025-07-05 23:14:11,181 - algorithm.frontend.factor_ut - WARNING - validate_matrix_properties:223 - information_matrix_l_3: High condition number 3.61e+08
2025-07-05 23:14:11,182 - algorithm.frontend.factor_ut - ERROR - validate_linearization_result:600 - Invalid information matrix for x0_8: information_matrix_x0_8: Not positive definite (min eigenvalue: 0.0)
2025-07-05 23:14:11,182 - algorithm.frontend.factor_ut - WARNING - linearize:1058 - Validation failed for gbp, falling back to GBP
2025-07-05 23:14:11,183 - algorithm.frontend.factor_ut - ERROR - validate_linearization_result:600 - Invalid information matrix for x0_9: information_matrix_x0_9: Not positive definite (min eigenvalue: -9.094947017729282e-13)
2025-07-05 23:14:11,183 - algorithm.frontend.factor_ut - WARNING - linearize:1058 - Validation failed for gbp, falling back to GBP
2025-07-05 23:14:11,188 - GaBP - ERROR - run:468 - Numerical instability detected at iteration 1
2025-07-05 23:14:11,188 - SLAM-Demo - ERROR - <module>:793 - Fatal error: unsupported format string passed to list.__format__
2025-07-05 23:14:11,189 - SLAM-Demo - ERROR - <module>:794 - Traceback (most recent call last):
  File "/home/hank/FYP_salm/sim/demo.py", line 789, in <module>
    main()
  File "/home/hank/FYP_salm/sim/demo.py", line 654, in main
    [f"{e:.2e}" for e in energy_log[:10]])
  File "/home/hank/FYP_salm/sim/demo.py", line 654, in <listcomp>
    [f"{e:.2e}" for e in energy_log[:10]])
TypeError: unsupported format string passed to list.__format__

